<?xml version="1.0" encoding="UTF-8"?>
<!-- Generated by org.testng.reporters.JUnitReportReporter -->
<testsuite hostname="DESKTOP-5O0FCEA" failures="0" tests="5" name="com.automation.tests.LoginTest" time="71.506" errors="0" timestamp="2023-06-20T19:29:14 IST" skipped="0">
  <testcase classname="com.automation.tests.LoginTest" name="sfdcInvalidLogin" time="10.510"/>
  <system-out/>
  <testcase classname="com.automation.tests.LoginTest" name="sfdcvalidLogin" time="18.874"/>
  <system-out/>
  <testcase classname="com.automation.tests.LoginTest" name="sfdcForgotPwd" time="9.568"/>
  <system-out/>
  <testcase classname="com.automation.tests.LoginTest" name="sfdcEmptyPassword" time="7.397"/>
  <system-out/>
  <testcase classname="com.automation.tests.LoginTest" name="sfdcRememberCheck" time="25.157"/>
  <system-out/>
</testsuite> <!-- com.automation.tests.LoginTest -->
