<?xml version="1.0" encoding="UTF-8"?>
<!-- Generated by org.testng.reporters.JUnitReportReporter -->
<testsuite hostname="DESKTOP-5O0FCEA" failures="0" tests="5" name="com.automation.tests.LeadTest" time="208.381" errors="0" timestamp="2023-06-20T19:29:14 IST" skipped="0">
  <testcase classname="com.automation.tests.LeadTest" name="sfdcLeadHome" time="39.388"/>
  <system-out/>
  <testcase classname="com.automation.tests.LeadTest" name="sfdcLead" time="33.537"/>
  <system-out/>
  <testcase classname="com.automation.tests.LeadTest" name="sfdcTodayLead" time="39.543"/>
  <system-out/>
  <testcase classname="com.automation.tests.LeadTest" name="sfdcLeadGo" time="51.784"/>
  <system-out/>
  <testcase classname="com.automation.tests.LeadTest" name="sfdcLeadNewButtonCheck" time="44.129"/>
  <system-out/>
</testsuite> <!-- com.automation.tests.LeadTest -->
