<?xml version="1.0" encoding="UTF-8"?>
<!-- Generated by org.testng.reporters.JUnitReportReporter -->
<testsuite hostname="DESKTOP-5O0FCEA" failures="0" tests="1" name="com.automation.tests.AutomationScripts" time="7.797" errors="0" timestamp="2023-06-12T22:36:42 IST" skipped="0">
  <testcase classname="com.automation.tests.AutomationScripts" name="loginToFireBaseTestScript" time="7.797"/>
  <system-out/>
</testsuite> <!-- com.automation.tests.AutomationScripts -->
